nohup: ignoring input
./data/logs/1_prov44_0.json
./data/error_info/1_prov44_0_error.csv
./data/transformed_data/1_prov44_0.csv
[{'group_path': './data_group.csv', 'log_path': './data/logs', 'ak_path': './key.xls', 'file_path': './data/new_data', 'error_path': './data/error_info', 'key_id': 7, 'target_path': './data/transformed_data', 'group_id': 1, 'split_id': 0, 'file_name': '1_prov44_0.csv', 'ak': 'yFY7kUMjzDangXswA3rSwGr7aLemCy7h', 'data_len': 295000, 'province': '广东'}, 'Begin time: 2022-05-08 13:38:04', 'Begin Transformation——————']
Connection Error
Connection Error
Connection Error
Connection Error
Connection Error
Connection Error
Connection Error
Connection Error
Connection Error
Connection Error
Connection Error
Connection Error
Connection Error
Connection Error
Connection Error
Connection Error
Connection Error
Connection Error
Connection Error
Connection Error
Connection Error
Connection Error
Connection Error
Connection Error
Connection Error
Connection Error
Connection Error
Connection Error
Connection Error
Connection Error
Connection Error
Connection Error
Connection Error
Connection Error
Connection Error
Connection Error
Connection Error
Connection Error
Connection Error
Connection Error
Connection Error
Connection Error
Connection Error
Connection Error
Connection Error
Connection Error
Connection Error
Connection Error
Connection Error
Connection Error
Connection Error
Connection Error
Connection Error
Connection Error
Connection Error
Connection Error
Connection Error
Connection Error
Connection Error
Connection Error
Connection Error
Connection Error
Connection Error
Connection Error
Connection Error
Connection Error
Connection Error
Connection Error
Connection Error
Connection Error
Connection Error
Connection Error
Connection Error
Connection Error
Connection Error
Connection Error
Connection Error
Connection Error
Connection Error
Connection Error
Connection Error
Connection Error
Connection Error
